[28-Sep-2021 08:47:39 UTC] PHP Warning:  Invalid argument supplied for foreach() in /home/administrator/Local Sites/home/app/public/wp-admin/includes/theme.php on line 607
[28-Sep-2021 08:47:39 UTC] PHP Stack trace:
[28-Sep-2021 08:47:39 UTC] PHP   1. {main}() /home/administrator/Local Sites/home/app/public/wp-admin/admin-ajax.php:0
[28-Sep-2021 08:47:39 UTC] PHP   2. do_action() /home/administrator/Local Sites/home/app/public/wp-admin/admin-ajax.php:187
[28-Sep-2021 08:47:39 UTC] PHP   3. WP_Hook->do_action() /home/administrator/Local Sites/home/app/public/wp-includes/plugin.php:470
[28-Sep-2021 08:47:39 UTC] PHP   4. WP_Hook->apply_filters() /home/administrator/Local Sites/home/app/public/wp-includes/class-wp-hook.php:327
[28-Sep-2021 08:47:39 UTC] PHP   5. wp_ajax_query_themes() /home/administrator/Local Sites/home/app/public/wp-includes/class-wp-hook.php:303
[28-Sep-2021 08:47:39 UTC] PHP   6. themes_api() /home/administrator/Local Sites/home/app/public/wp-admin/includes/ajax-actions.php:3553
[28-Sep-2021 08:47:49 UTC] PHP Warning:  Invalid argument supplied for foreach() in /home/administrator/Local Sites/home/app/public/wp-admin/includes/theme.php on line 607
[28-Sep-2021 08:47:49 UTC] PHP Stack trace:
[28-Sep-2021 08:47:49 UTC] PHP   1. {main}() /home/administrator/Local Sites/home/app/public/wp-admin/admin-ajax.php:0
[28-Sep-2021 08:47:49 UTC] PHP   2. do_action() /home/administrator/Local Sites/home/app/public/wp-admin/admin-ajax.php:187
[28-Sep-2021 08:47:49 UTC] PHP   3. WP_Hook->do_action() /home/administrator/Local Sites/home/app/public/wp-includes/plugin.php:470
[28-Sep-2021 08:47:49 UTC] PHP   4. WP_Hook->apply_filters() /home/administrator/Local Sites/home/app/public/wp-includes/class-wp-hook.php:327
[28-Sep-2021 08:47:49 UTC] PHP   5. wp_ajax_query_themes() /home/administrator/Local Sites/home/app/public/wp-includes/class-wp-hook.php:303
[28-Sep-2021 08:47:49 UTC] PHP   6. themes_api() /home/administrator/Local Sites/home/app/public/wp-admin/includes/ajax-actions.php:3553
[28-Sep-2021 08:47:52 UTC] PHP Warning:  Invalid argument supplied for foreach() in /home/administrator/Local Sites/home/app/public/wp-admin/includes/theme.php on line 607
[28-Sep-2021 08:47:52 UTC] PHP Stack trace:
[28-Sep-2021 08:47:52 UTC] PHP   1. {main}() /home/administrator/Local Sites/home/app/public/wp-admin/admin-ajax.php:0
[28-Sep-2021 08:47:52 UTC] PHP   2. do_action() /home/administrator/Local Sites/home/app/public/wp-admin/admin-ajax.php:187
[28-Sep-2021 08:47:52 UTC] PHP   3. WP_Hook->do_action() /home/administrator/Local Sites/home/app/public/wp-includes/plugin.php:470
[28-Sep-2021 08:47:52 UTC] PHP   4. WP_Hook->apply_filters() /home/administrator/Local Sites/home/app/public/wp-includes/class-wp-hook.php:327
[28-Sep-2021 08:47:52 UTC] PHP   5. wp_ajax_query_themes() /home/administrator/Local Sites/home/app/public/wp-includes/class-wp-hook.php:303
[28-Sep-2021 08:47:52 UTC] PHP   6. themes_api() /home/administrator/Local Sites/home/app/public/wp-admin/includes/ajax-actions.php:3553
